C:\Program Files\Microsoft Visual Studio\2022\Community\MSBuild\Microsoft\VC\v170\Microsoft.CppBuild.targets(531,5): warning MSB8028: 중간 디렉터리(C:\Project\Directx11-3D\Intermediate\Debug\)에 다른 프로젝트(Engine.vcxproj)에서 공유하는 파일이 포함되어 있습니다.  이로 인해 잘못된 정리 및 다시 빌드 동작이 수행될 수 있습니다.
  RawBufferDemo.cpp
C:\Project\Directx11-3D\Client\RawBufferDemo.cpp(1,1): warning C4819: 현재 코드 페이지(949)에서 표시할 수 없는 문자가 파일에 들어 있습니다. 데이터가 손실되지 않게 하려면 해당 파일을 유니코드 형식으로 저장하십시오.
C:\Project\Directx11-3D\Libraries\Include\Engine\RawBuffer.h(1,1): warning C4819: 현재 코드 페이지(949)에서 표시할 수 없는 문자가 파일에 들어 있습니다. 데이터가 손실되지 않게 하려면 해당 파일을 유니코드 형식으로 저장하십시오.
C:\Program Files\Microsoft Visual Studio\2022\Community\VC\Tools\MSVC\14.33.31629\include\xutility(231,1): warning C4267: '인수': 'size_t'에서 'uint32'(으)로 변환하면서 데이터가 손실될 수 있습니다.
C:\Program Files\Microsoft Visual Studio\2022\Community\VC\Tools\MSVC\14.33.31629\include\memory(2022): message : 컴파일되는 함수 템플릿 인스턴스화 'void std::_Construct_in_place<_Ty,nullptr,int,unsigned __int64>(_Ty &,nullptr &&,int &&,unsigned __int64 &&) noexcept(false)'에 대한 참조를 확인하세요.
          with
          [
              _Ty=RawBuffer
          ]
C:\Program Files\Microsoft Visual Studio\2022\Community\VC\Tools\MSVC\14.33.31629\include\memory(2741): message : 컴파일되는 함수 템플릿 인스턴스화 'std::_Ref_count_obj2<RawBuffer>::_Ref_count_obj2<_Ty,int,unsigned __int64>(_Ty &&,int &&,unsigned __int64 &&)'에 대한 참조를 확인하세요.
          with
          [
              _Ty=nullptr
          ]
C:\Program Files\Microsoft Visual Studio\2022\Community\VC\Tools\MSVC\14.33.31629\include\memory(2742): message : 컴파일되는 함수 템플릿 인스턴스화 'std::_Ref_count_obj2<RawBuffer>::_Ref_count_obj2<_Ty,int,unsigned __int64>(_Ty &&,int &&,unsigned __int64 &&)'에 대한 참조를 확인하세요.
          with
          [
              _Ty=nullptr
          ]
C:\Project\Directx11-3D\Client\RawBufferDemo.cpp(12): message : 컴파일되는 함수 템플릿 인스턴스화 'std::shared_ptr<RawBuffer> std::make_shared<RawBuffer,nullptr,int,size_t>(nullptr &&,int &&,size_t &&)'에 대한 참조를 확인하세요.
  Client.vcxproj -> C:\Project\Directx11-3D\Binaries\Client.exe
