C:\Program Files\Microsoft Visual Studio\2022\Community\MSBuild\Microsoft\VC\v170\Microsoft.CppBuild.targets(531,5): warning MSB8028: 중간 디렉터리(C:\Users\khc11\Desktop\Projects\Directx11-3D\Intermediate\Debug\)에 다른 프로젝트(AssimpTool.vcxproj, Client.vcxproj)에서 공유하는 파일이 포함되어 있습니다.  이로 인해 잘못된 정리 및 다시 빌드 동작이 수행될 수 있습니다.
  C:\Users\khc11\Desktop\Projects\Directx11-3D\Engine\Camera.h
  C:\Users\khc11\Desktop\Projects\Directx11-3D\Engine\Component.h
  C:\Users\khc11\Desktop\Projects\Directx11-3D\Engine\ConstantBuffer.h
  C:\Users\khc11\Desktop\Projects\Directx11-3D\Engine\Define.h
  C:\Users\khc11\Desktop\Projects\Directx11-3D\Engine\EnginePch.h
  C:\Users\khc11\Desktop\Projects\Directx11-3D\Engine\Game.h
  C:\Users\khc11\Desktop\Projects\Directx11-3D\Engine\GameObject.h
  C:\Users\khc11\Desktop\Projects\Directx11-3D\Engine\Geometry.h
  C:\Users\khc11\Desktop\Projects\Directx11-3D\Engine\GeometryHelper.h
  C:\Users\khc11\Desktop\Projects\Directx11-3D\Engine\Graphics.h
  C:\Users\khc11\Desktop\Projects\Directx11-3D\Engine\IExecute.h
  C:\Users\khc11\Desktop\Projects\Directx11-3D\Engine\IndexBuffer.h
  C:\Users\khc11\Desktop\Projects\Directx11-3D\Engine\InputManager.h
  C:\Users\khc11\Desktop\Projects\Directx11-3D\Engine\Material.h
  C:\Users\khc11\Desktop\Projects\Directx11-3D\Engine\Mesh.h
  C:\Users\khc11\Desktop\Projects\Directx11-3D\Engine\MeshRenderer.h
  C:\Users\khc11\Desktop\Projects\Directx11-3D\Engine\MonoBehaviour.h
  C:\Users\khc11\Desktop\Projects\Directx11-3D\Engine\Pass.h
  C:\Users\khc11\Desktop\Projects\Directx11-3D\Engine\pch.h
  C:\Users\khc11\Desktop\Projects\Directx11-3D\Engine\RenderManager.h
  C:\Users\khc11\Desktop\Projects\Directx11-3D\Engine\ResourceBase.h
  C:\Users\khc11\Desktop\Projects\Directx11-3D\Engine\ResourceManager.h
  C:\Users\khc11\Desktop\Projects\Directx11-3D\Engine\Shader.h
  C:\Users\khc11\Desktop\Projects\Directx11-3D\Engine\SimpleMath.h
  C:\Users\khc11\Desktop\Projects\Directx11-3D\Engine\Technique.h
  C:\Users\khc11\Desktop\Projects\Directx11-3D\Engine\Texture.h
  C:\Users\khc11\Desktop\Projects\Directx11-3D\Engine\TimeManager.h
  C:\Users\khc11\Desktop\Projects\Directx11-3D\Engine\tinyxml2.h
  C:\Users\khc11\Desktop\Projects\Directx11-3D\Engine\Transform.h
  C:\Users\khc11\Desktop\Projects\Directx11-3D\Engine\Types.h
  C:\Users\khc11\Desktop\Projects\Directx11-3D\Engine\Utils.h
  C:\Users\khc11\Desktop\Projects\Directx11-3D\Engine\VertexBuffer.h
  C:\Users\khc11\Desktop\Projects\Directx11-3D\Engine\VertexData.h
  33개 파일이 복사되었습니다.
  C:\Users\khc11\Desktop\Projects\Directx11-3D\Engine\SimpleMath.inl
  1개 파일이 복사되었습니다.
  Shader.cpp
C:\Users\khc11\Desktop\Projects\Directx11-3D\Engine\Shader.cpp(162,26): warning C4267: '인수': 'size_t'에서 'UINT'(으)로 변환하면서 데이터가 손실될 수 있습니다.
  Utils.cpp
C:\Program Files\Microsoft Visual Studio\2022\Community\VC\Tools\MSVC\14.37.32822\include\xstring(2728,53): warning C4244: '인수': 'wchar_t'에서 'const _Elem'(으)로 변환하면서 데이터가 손실될 수 있습니다.
          with
          [
              _Elem=char
          ]
C:\Program Files\Microsoft Visual Studio\2022\Community\VC\Tools\MSVC\14.37.32822\include\xstring(2584,17): message : 컴파일되는 함수 템플릿 인스턴스화 'void std::basic_string<char,std::char_traits<char>,std::allocator<char>>::_Construct_from_iter<wchar_t*,wchar_t*,_Size_type>(_Iter,const _Sent,_Size)'에 대한 참조를 확인하세요.
          with
          [
              _Size_type=unsigned __int64,
              _Iter=wchar_t *,
              _Sent=wchar_t *,
              _Size=unsigned __int64
          ]
C:\Users\khc11\Desktop\Projects\Directx11-3D\Engine\Utils.cpp(57,15): message : 컴파일되는 함수 템플릿 인스턴스화 'std::basic_string<char,std::char_traits<char>,std::allocator<char>>::basic_string<std::_String_iterator<std::_String_val<std::_Simple_types<_Elem>>>,0>(_Iter,_Iter,const _Alloc &)'에 대한 참조를 확인하세요.
          with
          [
              _Elem=wchar_t,
              _Iter=std::_String_iterator<std::_String_val<std::_Simple_types<wchar_t>>>,
              _Alloc=std::allocator<char>
          ]
C:\Users\khc11\Desktop\Projects\Directx11-3D\Engine\Utils.cpp(57,2): message : 'Utils::ToString'에서 'std::basic_string<char,std::char_traits<char>,std::allocator<char>>::basic_string'에 대한 첫 번째 참조를 확인하세요.
  코드를 생성하고 있습니다...
  Engine.vcxproj -> C:\Users\khc11\Desktop\Projects\Directx11-3D\Libraries\Lib\Engine\Engine.lib
