c:\users\khc11\desktop\projects\directx11-3d\intermediate\debug\engine.pch
c:\users\khc11\desktop\projects\directx11-3d\libraries\lib\engine\engine.pdb
c:\users\khc11\desktop\projects\directx11-3d\libraries\lib\engine\engine.idb
c:\users\khc11\desktop\projects\directx11-3d\intermediate\debug\pch.obj
c:\users\khc11\desktop\projects\directx11-3d\intermediate\debug\modelmesh.obj
c:\users\khc11\desktop\projects\directx11-3d\intermediate\debug\modelanimator.obj
c:\users\khc11\desktop\projects\directx11-3d\intermediate\debug\modelanimation.obj
c:\users\khc11\desktop\projects\directx11-3d\intermediate\debug\model.obj
c:\users\khc11\desktop\projects\directx11-3d\intermediate\debug\meshrenderer.obj
c:\users\khc11\desktop\projects\directx11-3d\intermediate\debug\mesh.obj
c:\users\khc11\desktop\projects\directx11-3d\intermediate\debug\material.obj
c:\users\khc11\desktop\projects\directx11-3d\intermediate\debug\inputmanager.obj
c:\users\khc11\desktop\projects\directx11-3d\intermediate\debug\indexbuffer.obj
c:\users\khc11\desktop\projects\directx11-3d\intermediate\debug\imguimanager.obj
c:\users\khc11\desktop\projects\directx11-3d\intermediate\debug\iexecute.obj
c:\users\khc11\desktop\projects\directx11-3d\intermediate\debug\graphics.obj
c:\users\khc11\desktop\projects\directx11-3d\intermediate\debug\geometryhelper.obj
c:\users\khc11\desktop\projects\directx11-3d\intermediate\debug\geometry.obj
c:\users\khc11\desktop\projects\directx11-3d\intermediate\debug\gameobject.obj
c:\users\khc11\desktop\projects\directx11-3d\intermediate\debug\game.obj
c:\users\khc11\desktop\projects\directx11-3d\intermediate\debug\fileutils.obj
c:\users\khc11\desktop\projects\directx11-3d\intermediate\debug\constantbuffer.obj
c:\users\khc11\desktop\projects\directx11-3d\intermediate\debug\component.obj
c:\users\khc11\desktop\projects\directx11-3d\intermediate\debug\camera.obj
c:\users\khc11\desktop\projects\directx11-3d\intermediate\debug\vertexdata.obj
c:\users\khc11\desktop\projects\directx11-3d\intermediate\debug\vertexbuffer.obj
c:\users\khc11\desktop\projects\directx11-3d\intermediate\debug\utils.obj
c:\users\khc11\desktop\projects\directx11-3d\intermediate\debug\transform.obj
c:\users\khc11\desktop\projects\directx11-3d\intermediate\debug\timemanager.obj
c:\users\khc11\desktop\projects\directx11-3d\intermediate\debug\texture.obj
c:\users\khc11\desktop\projects\directx11-3d\intermediate\debug\technique.obj
c:\users\khc11\desktop\projects\directx11-3d\intermediate\debug\simplemath.obj
c:\users\khc11\desktop\projects\directx11-3d\intermediate\debug\shader.obj
c:\users\khc11\desktop\projects\directx11-3d\intermediate\debug\resourcemanager.obj
c:\users\khc11\desktop\projects\directx11-3d\intermediate\debug\resourcebase.obj
c:\users\khc11\desktop\projects\directx11-3d\intermediate\debug\rendermanager.obj
c:\users\khc11\desktop\projects\directx11-3d\intermediate\debug\pass.obj
c:\users\khc11\desktop\projects\directx11-3d\intermediate\debug\monobehaviour.obj
c:\users\khc11\desktop\projects\directx11-3d\intermediate\debug\modelrenderer.obj
c:\users\khc11\desktop\projects\directx11-3d\intermediate\debug\tinyxml2.obj
c:\users\khc11\desktop\projects\directx11-3d\intermediate\debug\imgui_widgets.obj
c:\users\khc11\desktop\projects\directx11-3d\intermediate\debug\imgui_tables.obj
c:\users\khc11\desktop\projects\directx11-3d\intermediate\debug\imgui_impl_win32.obj
c:\users\khc11\desktop\projects\directx11-3d\intermediate\debug\imgui_impl_dx11.obj
c:\users\khc11\desktop\projects\directx11-3d\intermediate\debug\imgui_draw.obj
c:\users\khc11\desktop\projects\directx11-3d\intermediate\debug\imgui_demo.obj
c:\users\khc11\desktop\projects\directx11-3d\intermediate\debug\imgui.obj
c:\users\khc11\desktop\projects\directx11-3d\libraries\lib\engine\engine.lib
c:\users\khc11\desktop\projects\directx11-3d\intermediate\debug\10. globaltestdemo.obj
c:\users\khc11\desktop\projects\directx11-3d\intermediate\debug\11. depthstencildemo.obj
c:\users\khc11\desktop\projects\directx11-3d\intermediate\debug\12. ambientdemo.obj
c:\users\khc11\desktop\projects\directx11-3d\intermediate\debug\13. diffusedemo.obj
c:\users\khc11\desktop\projects\directx11-3d\intermediate\debug\14. speculardemo.obj
c:\users\khc11\desktop\projects\directx11-3d\intermediate\debug\15. emissivedemo.obj
c:\users\khc11\desktop\projects\directx11-3d\intermediate\debug\16. lightingdemo.obj
c:\users\khc11\desktop\projects\directx11-3d\intermediate\debug\17. materialdemo.obj
c:\users\khc11\desktop\projects\directx11-3d\intermediate\debug\18. normalmappingdemo.obj
c:\users\khc11\desktop\projects\directx11-3d\intermediate\debug\assimptool.obj
c:\users\khc11\desktop\projects\directx11-3d\intermediate\debug\astypes.obj
c:\users\khc11\desktop\projects\directx11-3d\intermediate\debug\camerascript.obj
c:\users\khc11\desktop\projects\directx11-3d\intermediate\debug\converter.obj
c:\users\khc11\desktop\projects\directx11-3d\intermediate\debug\imguidemo.obj
c:\users\khc11\desktop\projects\directx11-3d\intermediate\debug\main.obj
c:\users\khc11\desktop\projects\directx11-3d\intermediate\debug\staticmeshdemo.obj
c:\users\khc11\desktop\projects\directx11-3d\intermediate\debug\assimptool.ilk
c:\users\khc11\desktop\projects\directx11-3d\intermediate\debug\assimptool.pch
c:\users\khc11\desktop\projects\directx11-3d\intermediate\debug\client.pch
c:\users\khc11\desktop\projects\directx11-3d\intermediate\debug\vc143.idb
c:\users\khc11\desktop\projects\directx11-3d\intermediate\debug\vc143.pdb
c:\users\khc11\desktop\projects\directx11-3d\intermediate\debug\engine.vcxproj.filelistabsolute.txt
c:\users\khc11\desktop\projects\directx11-3d\intermediate\debug\engine.tlog\cl.command.1.tlog
c:\users\khc11\desktop\projects\directx11-3d\intermediate\debug\engine.tlog\cl.items.tlog
c:\users\khc11\desktop\projects\directx11-3d\intermediate\debug\engine.tlog\cl.read.1.tlog
c:\users\khc11\desktop\projects\directx11-3d\intermediate\debug\engine.tlog\cl.write.1.tlog
c:\users\khc11\desktop\projects\directx11-3d\intermediate\debug\engine.tlog\lib-link.read.1.tlog
c:\users\khc11\desktop\projects\directx11-3d\intermediate\debug\engine.tlog\lib-link.write.1.tlog
c:\users\khc11\desktop\projects\directx11-3d\intermediate\debug\engine.tlog\lib.command.1.tlog
